<?xml version="1.0" encoding="UTF-8"?>
<testng-results skipped="0" failed="0" total="1" passed="1">
  <reporter-output>
  </reporter-output>
  <suite name="Default suite" duration-ms="24995" started-at="2020-11-05T09:14:09Z" finished-at="2020-11-05T09:14:34Z">
    <groups>
    </groups>
    <test name="Default test" duration-ms="24995" started-at="2020-11-05T09:14:09Z" finished-at="2020-11-05T09:14:34Z">
      <class name="SeleniumSessions.HeadlessBrowser">
        <test-method status="PASS" signature="hedaless()[pri:0, instance:SeleniumSessions.HeadlessBrowser@48eff760]" name="hedaless" duration-ms="24977" started-at="2020-11-05T14:44:09Z" finished-at="2020-11-05T14:44:34Z">
          <reporter-output>
          </reporter-output>
        </test-method> <!-- hedaless -->
      </class> <!-- SeleniumSessions.HeadlessBrowser -->
    </test> <!-- Default test -->
  </suite> <!-- Default suite -->
</testng-results>
